<?xml version="1.0" encoding="UTF-8"?>
<!-- Generated by org.testng.reporters.JUnitXMLReporter -->
<testsuite hostname="Nitz" ignored="0" name="testcase1" tests="4" failures="1" timestamp="2019-11-12T17:12:29 IST" time="9.52" errors="0">
  <testcase name="@AfterMethod resultstatus" time="1.003" classname="framework.configMethods">
    <failure type="java.lang.ClassCastException" message="com.aventstack.extentreports.ExtentTest cannot be cast to com.aventstack.extentreports.markuputils.Markup">
      <![CDATA[java.lang.ClassCastException: com.aventstack.extentreports.ExtentTest cannot be cast to com.aventstack.extentreports.markuputils.Markup
at framework.configMethods.resultstatus(configMethods.java:70)
at java.util.ArrayList.forEach(ArrayList.java:1255)
... Removed 32 stack frames]]>
    </failure>
  </testcase> <!-- @AfterMethod resultstatus -->
  <testcase name="@BeforeMethod beforemethod" time="-1.573558949707E9" classname="framework.configMethods">
    <skipped/>
  </testcase> <!-- @BeforeMethod beforemethod -->
  <testcase name="@AfterMethod resultstatus" time="-1.573558949715E9" classname="framework.configMethods">
    <skipped/>
  </testcase> <!-- @AfterMethod resultstatus -->
  <testcase name="launch_Browser" time="8.183" classname="Test.loginpagetest"/>
  <testcase name="crmlogoTest" time="0.096" classname="Test.loginpagetest"/>
  <testcase name="validateloginpageTitleTest" time="0.008" classname="Test.loginpagetest">
    <failure type="java.lang.AssertionError" message="expected [CRMP - CRM software for customer relationship management, sales, and support.] but found [CRMPRO - CRM software for customer relationship management, sales, and support.]">
      <![CDATA[java.lang.AssertionError: expected [CRMP - CRM software for customer relationship management, sales, and support.] but found [CRMPRO - CRM software for customer relationship management, sales, and support.]
at Test.loginpagetest.validateloginpageTitleTest(loginpagetest.java:36)
at java.util.ArrayList.forEach(ArrayList.java:1255)
... Removed 32 stack frames]]>
    </failure>
  </testcase> <!-- validateloginpageTitleTest -->
  <testcase name="loginTest" time="0.0" classname="Test.loginpagetest">
    <skipped/>
  </testcase> <!-- loginTest -->
</testsuite> <!-- testcase1 -->
